<?xml version="1.0" encoding="UTF-8"?>
<testsuite xmlns:xsi="http://www.w3.org/2001/XMLSchema-instance" xsi:noNamespaceSchemaLocation="https://maven.apache.org/surefire/maven-surefire-plugin/xsd/surefire-test-report-3.0.xsd" version="3.0" name="BasicTests.HorizontalFillTest" time="0.286" tests="31" errors="0" skipped="0" failures="0">
  <properties>
[...]
</properties>
  <testcase name="BHFill_Restricted_Test" classname="BasicTests.HorizontalFillTest" time="0.046">
    <system-out><![CDATA[TENTATIVE EMPY CELLS: 15
------
Loro capricornio                 templo casamiento
Loro capricornio casa tirol pico templo casamiento
                  a a    o    c                   
FINAL ::
Loro capricornio cara tirol taco templo casamiento
]]></system-out>
  </testcase>
  <testcase name="BHFill_Restricted_Test" classname="BasicTests.HorizontalFillTest" time="0.004">
    <system-out><![CDATA[TENTATIVE EMPY CELLS: 15
------
Loro capricornio                 templo casamiento
Loro capricornio tetra casa cera templo casamiento
                  e r    s    r                   
FINAL ::
Loro capricornio tetra casa cera templo casamiento
]]></system-out>
  </testcase>
  <testcase name="BHFill_Restricted_Test" classname="BasicTests.HorizontalFillTest" time="0.003">
    <system-out><![CDATA[TENTATIVE EMPY CELLS: 16
------
Loro capricornio                  templo casamiento
Loro capricornio megane taco pico templo casamiento
                  e a    a    i                    
FINAL ::
Loro capricornio megane taco pico templo casamiento
]]></system-out>
  </testcase>
  <testcase name="BHFill_Restricted_Test" classname="BasicTests.HorizontalFillTest" time="0.007">
    <system-out><![CDATA[TENTATIVE EMPY CELLS: 15
------
Loro capricornio                 templo casamiento
Loro capricornio tetra cara casa templo casamiento
                  e r    r    s                   
FINAL ::
Loro capricornio lepra cera casa templo casamiento
]]></system-out>
  </testcase>
  <testcase name="BHFill_Restricted_Test" classname="BasicTests.HorizontalFillTest" time="0.002">
    <system-out><![CDATA[TENTATIVE EMPY CELLS: 15
------
Loro capricornio                 templo casamiento
Loro capricornio tetra taco cera templo casamiento
                  e r    c    r                   
FINAL ::
Loro capricornio lepra pico cera templo casamiento
]]></system-out>
  </testcase>
  <testcase name="BHFill_Restricted_Test" classname="BasicTests.HorizontalFillTest" time="0">
    <system-out><![CDATA[TENTATIVE EMPY CELLS: 17
------
Loro capricornio                   templo casamiento
Loro capricornio casa tirol pelota templo casamiento
                  a a    o    l                     
FINAL ::
Loro capricornio casa tirol pelota templo casamiento
]]></system-out>
  </testcase>
  <testcase name="BHFill_Restricted_Test" classname="BasicTests.HorizontalFillTest" time="0">
    <system-out><![CDATA[TENTATIVE EMPY CELLS: 15
------
Loro capricornio                 templo casamiento
Loro capricornio sucre pico cera templo casamiento
                  u r    c    r                   
FINAL ::
Loro capricornio sucre pico cara templo casamiento
]]></system-out>
  </testcase>
  <testcase name="BHFill_Restricted_Test" classname="BasicTests.HorizontalFillTest" time="0">
    <system-out><![CDATA[TENTATIVE EMPY CELLS: 17
------
Loro capricornio                   templo casamiento
Loro capricornio cantera cera cara templo casamiento
                  a t    c    c                     
FINAL ::
Loro capricornio cantera casa cera templo casamiento
]]></system-out>
  </testcase>
  <testcase name="BHFill_Restricted_Test" classname="BasicTests.HorizontalFillTest" time="0">
    <system-out><![CDATA[TENTATIVE EMPY CELLS: 17
------
Loro capricornio                   templo casamiento
Loro capricornio pantera casa cara templo casamiento
                  a t    c    c                     
FINAL ::
Loro capricornio pantera cara casa templo casamiento
]]></system-out>
  </testcase>
  <testcase name="BHFill_Restricted_Test" classname="BasicTests.HorizontalFillTest" time="0">
    <system-out><![CDATA[TENTATIVE EMPY CELLS: 16
------
Loro capricornio                  templo casamiento
Loro capricornio mentir cera cara templo casamiento
                  e t    e    a                    
FINAL ::
Loro capricornio mentir cera cara templo casamiento
]]></system-out>
  </testcase>
  <testcase name="findEmptySubSpaceIndexes(String, int, int, int)[1]" classname="BasicTests.HorizontalFillTest" time="0.024">
    <system-out><![CDATA[ROW LENGTH: 34
value1: 7,value2: 16, value3: 22
]]></system-out>
  </testcase>
  <testcase name="findEmptySubSpaceIndexes(String, int, int, int)[2]" classname="BasicTests.HorizontalFillTest" time="0.003">
    <system-out><![CDATA[ROW LENGTH: 31
value1: 4,value2: 0, value3: 3
]]></system-out>
  </testcase>
  <testcase name="findEmptySubSpaceIndexes(String, int, int, int)[3]" classname="BasicTests.HorizontalFillTest" time="0.001">
    <system-out><![CDATA[ROW LENGTH: 35
value1: 8,value2: 27, value3: 34
]]></system-out>
  </testcase>
  <testcase name="basicHorizontalFillTest" classname="BasicTests.HorizontalFillTest" time="0.002">
    <system-out><![CDATA[TENTATIVE EMPY CELLS: 17
FINAL ROW: Loro capricornio tetra pelota taco templo casamiento
]]></system-out>
  </testcase>
  <testcase name="basicHorizontalFillTest" classname="BasicTests.HorizontalFillTest" time="0.002">
    <system-out><![CDATA[TENTATIVE EMPY CELLS: 17
FINAL ROW: Loro capricornio cera tetra mentir templo casamiento
]]></system-out>
  </testcase>
  <testcase name="basicHorizontalFillTest" classname="BasicTests.HorizontalFillTest" time="0">
    <system-out><![CDATA[TENTATIVE EMPY CELLS: 16
FINAL ROW: Loro capricornio casa lepra tirol templo casamiento
]]></system-out>
  </testcase>
  <testcase name="basicHorizontalFillTest" classname="BasicTests.HorizontalFillTest" time="0.001">
    <system-out><![CDATA[TENTATIVE EMPY CELLS: 17
FINAL ROW: Loro capricornio megane taco sucre templo casamiento
]]></system-out>
  </testcase>
  <testcase name="basicHorizontalFillTest" classname="BasicTests.HorizontalFillTest" time="0.002">
    <system-out><![CDATA[TENTATIVE EMPY CELLS: 17
FINAL ROW: Loro capricornio cantera taco pico templo casamiento
]]></system-out>
  </testcase>
  <testcase name="B_FFill_Restricted_Recursion_Test" classname="BasicTests.HorizontalFillTest" time="0.004">
    <system-out><![CDATA[------- B_FFill_Restricted_Recursion_Test ------
TENTATIVE EMPY CELLS: 16
------
Loro capricornio                  templo casamiento
Loro capricornio taco tirol tenis templo casamiento
                  a o    o    n                    
FINAL ::
Loro capricornio taco tirol tenis templo casamiento
]]></system-out>
  </testcase>
  <testcase name="B_FFill_Restricted_Recursion_Test" classname="BasicTests.HorizontalFillTest" time="0.001">
    <system-out><![CDATA[------- B_FFill_Restricted_Recursion_Test ------
TENTATIVE EMPY CELLS: 15
------
Loro capricornio                 templo casamiento
Loro capricornio tetra pico taco templo casamiento
                  e r    c    c                   
FINAL ::
Loro capricornio lepra pico taco templo casamiento
]]></system-out>
  </testcase>
  <testcase name="B_FFill_Restricted_Recursion_Test" classname="BasicTests.HorizontalFillTest" time="0.001">
    <system-out><![CDATA[------- B_FFill_Restricted_Recursion_Test ------
TENTATIVE EMPY CELLS: 17
------
Loro capricornio                   templo casamiento
Loro capricornio cara tenis paleta templo casamiento
                  a a    i    l                     
FINAL ::
Loro capricornio casa tenis pelota templo casamiento
]]></system-out>
  </testcase>
  <testcase name="B_FFill_Restricted_Recursion_Test" classname="BasicTests.HorizontalFillTest" time="0.001">
    <system-out><![CDATA[------- B_FFill_Restricted_Recursion_Test ------
TENTATIVE EMPY CELLS: 16
------
Loro capricornio                  templo casamiento
Loro capricornio sucre tirol casa templo casamiento
                  u r    r    a                    
FINAL ::
Loro capricornio sucre tirol cara templo casamiento
]]></system-out>
  </testcase>
  <testcase name="B_FFill_Restricted_Recursion_Test" classname="BasicTests.HorizontalFillTest" time="0.002">
    <system-out><![CDATA[------- B_FFill_Restricted_Recursion_Test ------
TENTATIVE EMPY CELLS: 16
------
Loro capricornio                  templo casamiento
Loro capricornio casa pico megane templo casamiento
                  a a    o    a                    
FINAL ::
Loro capricornio casa taco megane templo casamiento
]]></system-out>
  </testcase>
  <testcase name="B_FFill_Restricted_Recursion_Test" classname="BasicTests.HorizontalFillTest" time="0.002">
    <system-out><![CDATA[------- B_FFill_Restricted_Recursion_Test ------
TENTATIVE EMPY CELLS: 15
------
Loro capricornio                 templo casamiento
Loro capricornio pico tenis casa templo casamiento
                  i o    i    s                   
FINAL ::
Loro capricornio pico tenis casa templo casamiento
]]></system-out>
  </testcase>
  <testcase name="B_FFill_Restricted_Recursion_Test" classname="BasicTests.HorizontalFillTest" time="0.001">
    <system-out><![CDATA[------- B_FFill_Restricted_Recursion_Test ------
TENTATIVE EMPY CELLS: 15
------
Loro capricornio                 templo casamiento
Loro capricornio casa cara lepra templo casamiento
                  a a    a    r                   
FINAL ::
Loro capricornio cara casa sucre templo casamiento
]]></system-out>
  </testcase>
  <testcase name="B_FFill_Restricted_Recursion_Test" classname="BasicTests.HorizontalFillTest" time="0">
    <system-out><![CDATA[------- B_FFill_Restricted_Recursion_Test ------
TENTATIVE EMPY CELLS: 15
------
Loro capricornio                 templo casamiento
Loro capricornio tirol cera cara templo casamiento
                  i o    r    r                   
FINAL ::
Loro capricornio tirol cera cara templo casamiento
]]></system-out>
  </testcase>
  <testcase name="B_FFill_Restricted_Recursion_Test" classname="BasicTests.HorizontalFillTest" time="0">
    <system-out><![CDATA[------- B_FFill_Restricted_Recursion_Test ------
TENTATIVE EMPY CELLS: 15
------
Loro capricornio                 templo casamiento
Loro capricornio tetra cera pico templo casamiento
                  e r    r    c                   
FINAL ::
Loro capricornio tetra cara taco templo casamiento
]]></system-out>
  </testcase>
  <testcase name="B_FFill_Restricted_Recursion_Test" classname="BasicTests.HorizontalFillTest" time="0">
    <system-out><![CDATA[------- B_FFill_Restricted_Recursion_Test ------
TENTATIVE EMPY CELLS: 16
------
Loro capricornio                  templo casamiento
Loro capricornio mentir cara pico templo casamiento
                  e t    a    i                    
FINAL ::
Loro capricornio mentir cara pico templo casamiento
]]></system-out>
  </testcase>
  <testcase name="findEmptyCellsTest(String, int)[1]" classname="BasicTests.HorizontalFillTest" time="0.016"/>
  <testcase name="findEmptyCellsTest(String, int)[2]" classname="BasicTests.HorizontalFillTest" time="0"/>
  <testcase name="findEmptyCellsTest(String, int)[3]" classname="BasicTests.HorizontalFillTest" time="0"/>
</testsuite>