<?xml version="1.0" encoding="UTF-8"?>
<testsuite xmlns:xsi="http://www.w3.org/2001/XMLSchema-instance" xsi:noNamespaceSchemaLocation="https://maven.apache.org/surefire/maven-surefire-plugin/xsd/surefire-test-report-3.0.xsd" version="3.0" name="BasicTests.BasicOperationsTest" time="0.091" tests="1" errors="0" skipped="0" failures="0">
  <properties>
[...]
</properties>
  <testcase name="tansposeMatrix" classname="BasicTests.BasicOperationsTest" time="0.056">
    <system-out><![CDATA[[ a b c d e f g ]
[ f g h i j k l ]
[ m n ñ o p q r ]
------
[ g l r ]
[ f k q ]
[ e j p ]
[ d i o ]
[ c h ñ ]
[ b g n ]
[ a f m ]
------
[ a b c d e f g ]
[ f g h i j k l ]
[ m n ñ o p q r ]
]]></system-out>
  </testcase>
</testsuite>